TN:
SF:src\modules\appointments\services\CreateAppointmentService.ts
FN:14,(anonymous_18)
FN:15,CreateAppointmentService
FN:20,(anonymous_20)
FNF:3
FNH:3
FNDA:1,(anonymous_18)
FNDA:5,CreateAppointmentService
FNDA:7,(anonymous_20)
DA:1,1
DA:2,1
DA:3,1
DA:14,1
DA:17,5
DA:20,1
DA:21,7
DA:22,7
DA:23,7
DA:25,7
DA:27,7
DA:28,3
DA:31,4
DA:32,1
DA:35,3
DA:36,1
DA:39,2
DA:40,2
DA:41,2
DA:42,0
DA:45,2
DA:51,2
DA:53,1
DA:54,1
LF:24
LH:23
BRDA:27,0,0,3
BRDA:31,1,0,1
BRDA:35,2,0,1
BRDA:35,3,0,3
BRDA:35,3,1,2
BRDA:41,4,0,0
BRF:6
BRH:5
end_of_record
TN:
SF:src\modules\appointments\services\ListProviderDayAvailabilityService.ts
FN:19,(anonymous_17)
FN:20,ListProviderDayAvailabilityService
FN:25,(anonymous_19)
FN:43,(anonymous_22)
FN:48,(anonymous_23)
FN:50,(anonymous_24)
FNF:6
FNH:6
FNDA:1,(anonymous_17)
FNDA:1,ListProviderDayAvailabilityService
FNDA:1,(anonymous_19)
FNDA:10,(anonymous_22)
FNDA:10,(anonymous_23)
FNDA:19,(anonymous_24)
DA:1,1
DA:2,1
DA:19,1
DA:22,1
DA:25,1
DA:26,1
DA:27,1
DA:28,1
DA:29,1
DA:31,1
DA:32,1
DA:39,1
DA:41,1
DA:43,10
DA:46,1
DA:48,1
DA:49,10
DA:50,19
DA:53,10
DA:55,10
DA:61,1
DA:63,1
DA:65,1
LF:23
LH:23
BRDA:32,0,0,1
BRDA:57,1,0,10
BRDA:57,1,1,8
BRF:3
BRH:3
end_of_record
TN:
SF:src\modules\appointments\services\ListProviderMonthAvailabilityServices.ts
FN:18,(anonymous_17)
FN:19,ListProviderMonthAvailabilityService
FN:24,(anonymous_19)
FN:40,(anonymous_22)
FN:45,(anonymous_23)
FN:46,(anonymous_24)
FNF:6
FNH:6
FNDA:1,(anonymous_17)
FNDA:1,ListProviderMonthAvailabilityService
FNDA:1,(anonymous_19)
FNDA:31,(anonymous_22)
FNDA:31,(anonymous_23)
FNDA:341,(anonymous_24)
DA:1,1
DA:2,1
DA:18,1
DA:21,1
DA:24,1
DA:25,1
DA:26,1
DA:27,1
DA:29,1
DA:30,1
DA:36,1
DA:38,1
DA:40,31
DA:45,1
DA:46,31
DA:47,341
DA:50,31
DA:56,1
DA:58,1
DA:60,1
DA:62,1
LF:21
LH:21
BRDA:30,0,0,1
BRF:1
BRH:1
end_of_record
TN:
SF:src\modules\appointments\services\ListProviderServices.ts
FN:11,(anonymous_17)
FN:12,ListProvider
FN:17,(anonymous_19)
FNF:3
FNH:3
FNDA:1,(anonymous_17)
FNDA:1,ListProvider
FNDA:1,(anonymous_19)
DA:1,1
DA:11,1
DA:14,1
DA:17,1
DA:18,1
DA:22,1
DA:24,1
DA:26,1
LF:8
LH:8
BRDA:18,0,0,1
BRF:1
BRH:1
end_of_record
TN:
SF:src\modules\users\services\AuthenticateUserService.ts
FN:22,(anonymous_18)
FN:23,AuthenticateUserService
FN:31,(anonymous_20)
FNF:3
FNH:3
FNDA:1,(anonymous_18)
FNDA:3,AuthenticateUserService
FNDA:3,(anonymous_20)
DA:1,1
DA:2,1
DA:3,1
DA:5,1
DA:22,1
DA:25,3
DA:28,3
DA:31,3
DA:32,3
DA:34,3
DA:35,1
DA:38,2
DA:43,2
DA:44,1
DA:47,1
DA:49,1
DA:54,1
DA:59,1
DA:61,1
LF:19
LH:19
BRDA:32,0,0,3
BRDA:34,1,0,1
BRDA:43,2,0,1
BRF:3
BRH:3
end_of_record
TN:
SF:src\modules\users\services\CreateUserService.ts
FN:15,(anonymous_18)
FN:16,CreateUserService
FN:24,(anonymous_20)
FNF:3
FNH:3
FNDA:2,(anonymous_18)
FNDA:5,CreateUserService
FNDA:5,(anonymous_20)
DA:1,2
DA:3,2
DA:15,2
DA:18,5
DA:21,5
DA:24,5
DA:25,5
DA:26,5
DA:27,1
DA:30,4
DA:32,4
DA:37,4
DA:39,2
DA:40,2
LF:14
LH:14
BRDA:25,0,0,5
BRDA:26,1,0,1
BRF:2
BRH:2
end_of_record
TN:
SF:src\modules\users\services\ResetPasswordServices.ts
FN:17,(anonymous_18)
FN:18,ResetPasswordServices
FN:29,(anonymous_20)
FNF:3
FNH:3
FNDA:1,(anonymous_18)
FNDA:4,ResetPasswordServices
FNDA:4,(anonymous_20)
DA:1,1
DA:2,1
DA:4,1
DA:17,1
DA:20,4
DA:23,4
DA:26,4
DA:29,4
DA:30,4
DA:32,4
DA:33,1
DA:36,3
DA:38,3
DA:39,1
DA:42,2
DA:43,2
DA:45,2
DA:46,1
DA:49,1
DA:51,2
DA:53,1
DA:55,1
LF:22
LH:22
BRDA:30,0,0,4
BRDA:32,1,0,1
BRDA:38,2,0,1
BRDA:45,3,0,1
BRF:4
BRH:4
end_of_record
TN:
SF:src\modules\users\services\SendForgotPasswordEmailService.ts
FN:14,(anonymous_18)
FN:15,SendForgotPasswordEmailService
FN:26,(anonymous_20)
FNF:3
FNH:3
FNDA:1,(anonymous_18)
FNDA:3,SendForgotPasswordEmailService
FNDA:3,(anonymous_20)
DA:1,1
DA:2,1
DA:4,1
DA:14,1
DA:17,3
DA:20,3
DA:23,3
DA:26,3
DA:27,3
DA:29,3
DA:30,1
DA:33,2
DA:37,2
DA:44,4
DA:59,1
DA:61,1
LF:16
LH:16
BRDA:27,0,0,3
BRDA:29,1,0,1
BRF:2
BRH:2
end_of_record
TN:
SF:src\modules\users\services\ShowProfileService.ts
FN:13,(anonymous_18)
FN:14,ShowProfileService
FN:19,(anonymous_20)
FNF:3
FNH:3
FNDA:1,(anonymous_18)
FNDA:2,ShowProfileService
FNDA:2,(anonymous_20)
DA:1,1
DA:3,1
DA:13,1
DA:16,2
DA:19,2
DA:20,2
DA:22,2
DA:23,1
DA:26,1
DA:28,1
DA:30,1
LF:11
LH:11
BRDA:20,0,0,2
BRDA:22,1,0,1
BRF:2
BRH:2
end_of_record
TN:
SF:src\modules\users\services\UpdateProfileService.ts
FN:16,(anonymous_18)
FN:17,UpdateProfileService
FN:24,(anonymous_20)
FNF:3
FNH:3
FNDA:1,(anonymous_18)
FNDA:6,UpdateProfileService
FNDA:6,(anonymous_20)
DA:1,1
DA:2,1
DA:16,1
DA:19,6
DA:21,6
DA:24,1
DA:25,6
DA:26,6
DA:27,6
DA:28,6
DA:29,6
DA:31,6
DA:32,6
DA:33,1
DA:35,5
DA:36,5
DA:37,1
DA:39,4
DA:40,4
DA:41,4
DA:42,1
DA:46,4
DA:47,2
DA:51,2
DA:52,1
DA:54,1
DA:56,2
DA:58,1
DA:60,1
LF:29
LH:29
BRDA:31,0,0,6
BRDA:31,0,1,2
BRDA:32,1,0,1
BRDA:36,2,0,1
BRDA:36,3,0,5
BRDA:36,3,1,1
BRDA:41,4,0,1
BRDA:41,5,0,4
BRDA:41,5,1,3
BRDA:46,6,0,1
BRDA:46,7,0,3
BRDA:46,7,1,2
BRDA:51,8,0,1
BRF:13
BRH:13
end_of_record
TN:
SF:src\modules\users\services\UpdateUserAvatarService.ts
FN:14,(anonymous_18)
FN:15,UpdateUserAvatarService
FN:25,(anonymous_20)
FNF:3
FNH:3
FNDA:1,(anonymous_18)
FNDA:3,UpdateUserAvatarService
FNDA:4,(anonymous_20)
DA:1,1
DA:3,1
DA:14,1
DA:17,3
DA:20,3
DA:25,4
DA:26,4
DA:28,4
DA:29,1
DA:32,5
DA:34,2
DA:37,3
DA:39,3
DA:41,6
DA:43,3
DA:45,1
DA:47,1
LF:17
LH:17
BRDA:26,0,0,4
BRDA:26,0,1,3
BRDA:28,1,0,1
BRDA:32,2,0,2
BRF:4
BRH:4
end_of_record
