TN:
SF:src\modules\appointments\services\CreateAppointmentService.ts
FN:19,(anonymous_18)
FN:20,CreateAppointmentService
FN:31,(anonymous_20)
FNF:3
FNH:0
FNDA:0,(anonymous_18)
FNDA:0,CreateAppointmentService
FNDA:0,(anonymous_20)
DA:1,0
DA:2,0
DA:4,0
DA:19,0
DA:22,0
DA:25,0
DA:28,0
DA:31,0
DA:32,0
DA:33,0
DA:34,0
DA:36,0
DA:38,0
DA:39,0
DA:42,0
DA:43,0
DA:46,0
DA:47,0
DA:52,0
DA:53,0
DA:55,0
DA:56,0
DA:59,0
DA:65,0
DA:67,0
DA:72,0
DA:79,0
DA:81,0
DA:83,0
LF:29
LH:0
BRDA:38,0,0,0
BRDA:42,1,0,0
BRDA:46,2,0,0
BRDA:46,3,0,0
BRDA:46,3,1,0
BRDA:55,4,0,0
BRF:6
BRH:0
end_of_record
TN:
SF:src\modules\appointments\services\ListProviderAppointmentsServices.ts
FN:15,(anonymous_17)
FN:16,ListProviderAppointmentsServices
FN:24,(anonymous_19)
FNF:3
FNH:3
FNDA:1,(anonymous_17)
FNDA:1,ListProviderAppointmentsServices
FNDA:1,(anonymous_19)
DA:1,1
DA:15,1
DA:18,1
DA:21,1
DA:24,1
DA:25,1
DA:26,1
DA:27,1
DA:28,1
DA:30,1
DA:32,1
DA:36,1
DA:37,1
DA:46,2
DA:49,1
DA:51,1
DA:53,1
LF:17
LH:17
BRDA:49,0,0,1
BRDA:36,1,0,0
BRF:2
BRH:1
end_of_record
TN:
SF:src\modules\appointments\services\ListProviderDayAvailabilityService.ts
FN:19,(anonymous_17)
FN:20,ListProviderDayAvailabilityService
FN:25,(anonymous_19)
FN:43,(anonymous_22)
FN:48,(anonymous_23)
FN:50,(anonymous_24)
FNF:6
FNH:6
FNDA:1,(anonymous_17)
FNDA:1,ListProviderDayAvailabilityService
FNDA:1,(anonymous_19)
FNDA:10,(anonymous_22)
FNDA:10,(anonymous_23)
FNDA:19,(anonymous_24)
DA:1,1
DA:2,1
DA:19,1
DA:22,1
DA:25,1
DA:26,1
DA:27,1
DA:28,1
DA:29,1
DA:31,1
DA:32,1
DA:39,1
DA:41,1
DA:43,10
DA:46,1
DA:48,1
DA:49,10
DA:50,19
DA:53,10
DA:55,10
DA:61,1
DA:63,1
DA:65,1
LF:23
LH:23
BRDA:32,0,0,1
BRDA:57,1,0,10
BRDA:57,1,1,8
BRF:3
BRH:3
end_of_record
TN:
SF:src\modules\appointments\services\ListProviderMonthAvailabilityServices.ts
FN:18,(anonymous_17)
FN:19,ListProviderMonthAvailabilityService
FN:24,(anonymous_19)
FN:40,(anonymous_22)
FN:45,(anonymous_23)
FN:46,(anonymous_24)
FNF:6
FNH:6
FNDA:1,(anonymous_17)
FNDA:1,ListProviderMonthAvailabilityService
FNDA:1,(anonymous_19)
FNDA:31,(anonymous_22)
FNDA:31,(anonymous_23)
FNDA:341,(anonymous_24)
DA:1,1
DA:2,1
DA:18,1
DA:21,1
DA:24,1
DA:25,1
DA:26,1
DA:27,1
DA:29,1
DA:30,1
DA:36,1
DA:38,1
DA:40,31
DA:45,1
DA:46,31
DA:47,341
DA:50,31
DA:58,1
DA:60,1
DA:62,1
LF:20
LH:20
BRDA:30,0,0,1
BRF:1
BRH:1
end_of_record
TN:
SF:src\modules\appointments\services\ListProviderServices.ts
FN:13,(anonymous_17)
FN:14,ListProvider
FN:22,(anonymous_19)
FNF:3
FNH:3
FNDA:1,(anonymous_17)
FNDA:1,ListProvider
FNDA:1,(anonymous_19)
DA:1,1
DA:13,1
DA:16,1
DA:19,1
DA:22,1
DA:23,1
DA:27,1
DA:28,1
DA:32,2
DA:35,1
DA:37,1
DA:39,1
LF:12
LH:12
BRDA:23,0,0,1
BRDA:23,0,1,1
BRDA:27,1,0,0
BRF:3
BRH:2
end_of_record
TN:
SF:src\modules\users\services\AuthenticateUserService.ts
FN:22,(anonymous_18)
FN:23,AuthenticateUserService
FN:31,(anonymous_20)
FNF:3
FNH:3
FNDA:1,(anonymous_18)
FNDA:3,AuthenticateUserService
FNDA:3,(anonymous_20)
DA:1,1
DA:2,1
DA:4,1
DA:5,1
DA:22,1
DA:25,3
DA:28,3
DA:31,3
DA:32,3
DA:34,3
DA:36,2
DA:41,2
DA:42,1
DA:44,1
DA:46,1
DA:51,1
DA:53,1
DA:55,1
LF:18
LH:18
BRDA:32,0,0,3
BRDA:34,1,0,1
BRDA:41,2,0,1
BRF:3
BRH:3
end_of_record
TN:
SF:src\modules\users\services\CreateUserService.ts
FN:17,(anonymous_18)
FN:18,CreateUserService
FN:29,(anonymous_20)
FNF:3
FNH:3
FNDA:1,(anonymous_18)
FNDA:2,CreateUserService
FNDA:3,(anonymous_20)
DA:1,1
DA:3,1
DA:17,1
DA:20,2
DA:23,2
DA:26,2
DA:29,3
DA:30,3
DA:31,3
DA:32,1
DA:35,2
DA:37,2
DA:43,4
DA:45,2
DA:47,1
DA:48,1
LF:16
LH:16
BRDA:30,0,0,3
BRDA:31,1,0,1
BRF:2
BRH:2
end_of_record
TN:
SF:src\modules\users\services\ResetPasswordServices.ts
FN:17,(anonymous_18)
FN:18,ResetPasswordServices
FN:29,(anonymous_20)
FNF:3
FNH:3
FNDA:1,(anonymous_18)
FNDA:4,ResetPasswordServices
FNDA:4,(anonymous_20)
DA:1,1
DA:2,1
DA:4,1
DA:17,1
DA:20,4
DA:23,4
DA:26,4
DA:29,4
DA:30,4
DA:32,4
DA:33,1
DA:36,3
DA:38,3
DA:39,1
DA:42,2
DA:43,2
DA:45,2
DA:46,1
DA:49,1
DA:51,2
DA:53,1
DA:55,1
LF:22
LH:22
BRDA:30,0,0,4
BRDA:32,1,0,1
BRDA:38,2,0,1
BRDA:45,3,0,1
BRF:4
BRH:4
end_of_record
TN:
SF:src\modules\users\services\SendForgotPasswordEmailService.ts
FN:14,(anonymous_18)
FN:15,SendForgotPasswordEmailService
FN:26,(anonymous_20)
FNF:3
FNH:3
FNDA:1,(anonymous_18)
FNDA:3,SendForgotPasswordEmailService
FNDA:3,(anonymous_20)
DA:1,1
DA:2,1
DA:4,1
DA:14,1
DA:17,3
DA:20,3
DA:23,3
DA:26,3
DA:27,3
DA:29,3
DA:30,1
DA:33,2
DA:37,2
DA:44,4
DA:59,1
DA:61,1
LF:16
LH:16
BRDA:27,0,0,3
BRDA:29,1,0,1
BRF:2
BRH:2
end_of_record
TN:
SF:src\modules\users\services\ShowProfileService.ts
FN:13,(anonymous_18)
FN:14,ShowProfileService
FN:19,(anonymous_20)
FNF:3
FNH:3
FNDA:1,(anonymous_18)
FNDA:2,ShowProfileService
FNDA:2,(anonymous_20)
DA:1,1
DA:3,1
DA:13,1
DA:16,2
DA:19,2
DA:20,2
DA:22,2
DA:23,1
DA:26,1
DA:28,1
DA:30,1
LF:11
LH:11
BRDA:20,0,0,2
BRDA:22,1,0,1
BRF:2
BRH:2
end_of_record
TN:
SF:src\modules\users\services\UpdateProfileService.ts
FN:16,(anonymous_18)
FN:17,UpdateProfileService
FN:24,(anonymous_20)
FNF:3
FNH:3
FNDA:1,(anonymous_18)
FNDA:6,UpdateProfileService
FNDA:6,(anonymous_20)
DA:1,1
DA:2,1
DA:16,1
DA:19,6
DA:21,6
DA:24,1
DA:25,6
DA:26,6
DA:27,6
DA:28,6
DA:29,6
DA:31,6
DA:32,6
DA:33,1
DA:35,5
DA:36,5
DA:37,1
DA:39,4
DA:40,4
DA:41,4
DA:42,1
DA:46,4
DA:47,2
DA:51,2
DA:52,1
DA:54,1
DA:56,2
DA:58,1
DA:60,1
LF:29
LH:29
BRDA:31,0,0,6
BRDA:31,0,1,2
BRDA:32,1,0,1
BRDA:36,2,0,1
BRDA:36,3,0,5
BRDA:36,3,1,1
BRDA:41,4,0,1
BRDA:41,5,0,4
BRDA:41,5,1,3
BRDA:46,6,0,1
BRDA:46,7,0,3
BRDA:46,7,1,2
BRDA:51,8,0,1
BRF:13
BRH:13
end_of_record
TN:
SF:src\modules\users\services\UpdateUserAvatarService.ts
FN:15,(anonymous_18)
FN:16,UpdateUserAvatarService
FN:24,(anonymous_20)
FNF:3
FNH:3
FNDA:1,(anonymous_18)
FNDA:3,UpdateUserAvatarService
FNDA:4,(anonymous_20)
DA:1,1
DA:3,1
DA:15,1
DA:18,3
DA:21,3
DA:24,4
DA:25,4
DA:27,4
DA:28,1
DA:31,3
DA:32,1
DA:35,3
DA:37,3
DA:39,6
DA:41,3
DA:43,1
DA:45,1
LF:17
LH:17
BRDA:25,0,0,4
BRDA:27,1,0,1
BRDA:31,2,0,1
BRF:3
BRH:3
end_of_record
